1	0.000513971	start	
2	2.94639	capture	{hotSpot:[237.857489, 163.027549]}
3	4.6808	capture	{hotSpot:[427.50097, 216.450337]}
4	5.47368	capture	{hotSpot:[445.362769, 266.34274]}
5	6.15854	capture	{hotSpot:[431.840059, 291.535297]}
6	6.74703	capture	{hotSpot:[442.120232, 343.240021]}
7	7.24679	capture	{hotSpot:[509.785183, 362.905639]}
8	7.86646	capture	{hotSpot:[496.88785, 321.959165]}
9	8.58555	capture	{hotSpot:[494.557678, 262.302505]}
10	9.25963	capture	{hotSpot:[558.962958, 247.495451]}
11	9.88378	capture	{hotSpot:[562.389682, 304.392927]}
12	10.4505	capture	{hotSpot:[548.301563, 356.478967]}
13	11.0597	capture	{hotSpot:[627.801562, 350.810641]}
14	11.6987	capture	{hotSpot:[614.141783, 310.960986]}
15	12.4664	capture	{hotSpot:[609.083082, 256.531353]}
16	13.2516	capture	{hotSpot:[626.079634, 208.819734]}
17	14.3546	capture	{hotSpot:[612.128583, 396.829903]}
18	15.0836	capture	{hotSpot:[548.592834, 412.356744]}
19	15.8998	capture	{hotSpot:[449.080765, 399.833301]}
20	18.6526	capture	{hotSpot:[427.805092, 121.15135]}
21	20.2155	capture	{hotSpot:[453.711126, 117.004004]}
22	20.8014	capture	{hotSpot:[470.476374, 119.291899]}
23	23.907	end	
