1	0.00249898	start	
2	11.9582	capture	{hotSpot:[146.175781, 102.617188]}
3	18.956	capture	{hotSpot:[146.175781, 102.617188]}
4	20.3564	capture	{hotSpot:[165.277344, 113.769531]}
5	21.4627	capture	{hotSpot:[158.71875, 104.785156]}
6	48.4714	capture	{hotSpot:[555.515625, 214.425781]}
7	49.3601	capture	{hotSpot:[530.554688, 211.300781]}
8	53.861	capture	{hotSpot:[134.855469, 93.699219]}
9	56.2598	capture	{hotSpot:[666.285156, 133.289062]}
10	57.5599	capture	{hotSpot:[159.847656, 105.9375]}
11	58.6591	capture	{hotSpot:[140.703125, 75.292969]}
12	62.8663	capture	{hotSpot:[163.277344, 115.621094]}
13	63.8611	capture	{hotSpot:[546.628906, 228.136719]}
14	64.1042	capture	{hotSpot:[546.628906, 228.136719]}
15	68.3631	capture	{hotSpot:[781.097656, 222.359375]}
16	69.2563	capture	{hotSpot:[868.359375, 276.453125]}
17	69.9674	capture	{hotSpot:[870.441406, 336.488281]}
18	70.6604	capture	{hotSpot:[851.691406, 423.613281]}
19	71.256	capture	{hotSpot:[811.753906, 474.664062]}
20	72.1636	capture	{hotSpot:[554.585938, 487.164062]}
21	72.9637	capture	{hotSpot:[447.238281, 395.691406]}
22	73.5623	capture	{hotSpot:[445.152344, 339.78125]}
23	74.3682	capture	{hotSpot:[456.960938, 289.203125]}
24	75.1633	capture	{hotSpot:[630.90625, 140.042969]}
25	82.4575	capture	{hotSpot:[851.058594, 561.097656]}
26	87.9657	end	
