1	0.000829995	start	
2	2.44051	capture	{hotSpot:[251.4316, 173.203114]}
3	7.22564	capture	{hotSpot:[506.319908, 301.787982]}
4	32.727	capture	{hotSpot:[802.675862, 267.957977]}
5	34.063	capture	{hotSpot:[674.837635, 432.85783]}
6	34.8061	capture	{hotSpot:[800.058702, 422.193838]}
7	35.5899	capture	{hotSpot:[920.328152, 441.238211]}
8	36.4304	capture	{hotSpot:[1070.448653, 489.086932]}
9	38.6222	capture	{hotSpot:[1202.004876, 443.950267]}
10	40.119	capture	{hotSpot:[1244.98028, 568.529175]}
11	43.1704	capture	{hotSpot:[805.280172, 271.839687]}
12	44.1626	capture	{hotSpot:[1088.1434, 223.853864]}
13	44.9359	capture	{hotSpot:[1216.671255, 222.375729]}
14	61.796	capture	{hotSpot:[172.265706, 683.678013]}
15	62.979	capture	{hotSpot:[198.874219, 667.547064]}
16	81.4641	capture	{hotSpot:[62.854688, 13.084706]}
17	85.295	capture	{hotSpot:[127.277101, 41.370635]}
18	86.3995	capture	{hotSpot:[120.179499, 66.143316]}
19	87.2311	capture	{hotSpot:[121.323168, 98.709408]}
20	88.2635	capture	{hotSpot:[110.083513, 135.332874]}
21	89.2632	capture	{hotSpot:[111.227182, 163.13466]}
22	89.8637	capture	{hotSpot:[113.46312, 173.323079]}
23	91.064	capture	{hotSpot:[197.897602, 65.976222]}
24	91.872	capture	{hotSpot:[193.331492, 100.920184]}
25	93.1634	capture	{hotSpot:[211.514547, 130.444318]}
26	94.3201	capture	{hotSpot:[203.654499, 162.204935]}
27	95.137	capture	{hotSpot:[204.798168, 179.676916]}
28	98.3613	capture	{hotSpot:[131.132166, 14.348618]}
29	99.5779	capture	{hotSpot:[165.887716, 12.060722]}
30	103.635	capture	{hotSpot:[209.578448, 9.061609]}
31	104.701	capture	{hotSpot:[256.657355, 13.251799]}
32	105.562	capture	{hotSpot:[306.486207, 5.252734]}
33	106.395	capture	{hotSpot:[370.407462, 9.82424]}
34	107.587	capture	{hotSpot:[64.165409, 11.773664]}
35	108.339	capture	{hotSpot:[132.609941, 11.011033]}
36	110.751	end	
