1	0.000467002	start	
2	2.31487	capture	{hotSpot:[370.765625, 160.207031]}
3	3.19521	capture	{hotSpot:[376.972656, 190.207031]}
4	4.06871	capture	{hotSpot:[364.554688, 214.429688]}
5	4.71241	capture	{hotSpot:[360.429688, 236.484375]}
6	5.70844	capture	{hotSpot:[358.695312, 270.898438]}
7	6.58839	capture	{hotSpot:[331.265625, 329.359375]}
8	7.12855	capture	{hotSpot:[334.390625, 374.636719]}
9	7.88204	capture	{hotSpot:[326.015625, 401.71875]}
10	8.65195	capture	{hotSpot:[342.515625, 429.941406]}
11	9.18611	capture	{hotSpot:[346.640625, 456.164062]}
12	9.94169	capture	{hotSpot:[343.902344, 481.050781]}
13	11.2522	capture	{hotSpot:[868.722656, 507.648438]}
14	12.4731	capture	{hotSpot:[940.777344, 523.191406]}
15	17.6034	capture	{hotSpot:[886.734375, 517.730469]}
16	19.2837	capture	{hotSpot:[243.515625, 9.539062]}
17	21.1233	capture	{hotSpot:[281.625, 112.511719]}
18	27.8847	capture	{hotSpot:[865.386719, 64.496094]}
19	29.008	capture	{hotSpot:[870.597656, 101.648438]}
20	29.8953	capture	{hotSpot:[871.636719, 126.871094]}
21	31.0182	capture	{hotSpot:[830.664062, 178.734375]}
22	31.562	capture	{hotSpot:[831.707031, 193.109375]}
23	31.99	capture	{hotSpot:[833.789062, 206.261719]}
24	32.7354	capture	{hotSpot:[833.789062, 222.414062]}
25	33.3933	capture	{hotSpot:[835.179688, 257.136719]}
26	36.4601	end	
