1	0.000352979	start	
2	8.3464	capture	{hotSpot:[186.790733, 87.6641]}
3	11.6532	capture	{hotSpot:[116.842726, 773.360088]}
4	13.681	capture	{hotSpot:[163.339089, 118.04084]}
5	26.6184	capture	{hotSpot:[208.464763, 43.045854]}
6	27.6508	capture	{hotSpot:[209.608432, 44.142673]}
7	29.4068	capture	{hotSpot:[139.304903, 39.956767]}
8	31.7638	capture	{hotSpot:[126.878745, 759.709835]}
9	35.1428	capture	{hotSpot:[310.534025, 107.59107]}
10	36.7808	capture	{hotSpot:[475.582193, 114.022027]}
11	38.3657	capture	{hotSpot:[315.742645, 234.440736]}
12	39.8459	capture	{hotSpot:[156.849731, 227.298561]}
13	41.2698	capture	{hotSpot:[156.425673, 93.957955]}
14	43.7498	capture	{hotSpot:[950.371956, 471.156515]}
15	45.2227	capture	{hotSpot:[625.946848, 472.968836]}
16	47.1073	capture	{hotSpot:[486.530577, 475.925106]}
17	49.0199	capture	{hotSpot:[165.15097, 470.685225]}
18	53.1539	capture	{hotSpot:[161.360156, 116.275647]}
19	53.3213	capture	{hotSpot:[161.360156, 116.275647]}
20	58.1846	capture	{hotSpot:[139.990248, 42.634547]}
21	59.3537	capture	{hotSpot:[155.03785, 40.398065]}
22	60.5531	capture	{hotSpot:[179.69313, 42.728805]}
23	64.014	end	
