1	0.000316978	start	
2	5.59279	capture	{hotSpot:[135.886719, 44.121094]}
3	7.06986	capture	{hotSpot:[161.582031, 42.429688]}
4	7.90538	capture	{hotSpot:[203.039062, 50.414062]}
5	8.70446	capture	{hotSpot:[223.398438, 98.207031]}
6	9.91676	capture	{hotSpot:[315.980469, 113.441406]}
7	10.5041	capture	{hotSpot:[418.96875, 132.023438]}
8	11.0118	capture	{hotSpot:[441.191406, 173.648438]}
9	11.5015	capture	{hotSpot:[441.191406, 238.148438]}
10	12.0543	capture	{hotSpot:[445.011719, 283.246094]}
11	12.4739	capture	{hotSpot:[451.605469, 358.121094]}
12	12.6074	capture	{hotSpot:[448.480469, 386.59375]}
13	12.9389	capture	{hotSpot:[446.398438, 403.605469]}
14	13.0702	capture	{hotSpot:[429.039062, 430.691406]}
15	13.2929	capture	{hotSpot:[414.453125, 456.039062]}
16	13.4556	capture	{hotSpot:[386.328125, 485.550781]}
17	13.6882	capture	{hotSpot:[348.828125, 499.789062]}
18	13.9501	capture	{hotSpot:[289.886719, 478.605469]}
19	14.0809	capture	{hotSpot:[245.21875, 424.953125]}
20	14.3177	capture	{hotSpot:[256.675781, 376.773438]}
21	14.5399	capture	{hotSpot:[291.398438, 320.175781]}
22	14.7687	capture	{hotSpot:[348.566406, 284.886719]}
23	15.7097	capture	{hotSpot:[636.453125, 276.636719]}
24	17.6808	end	
