1	0.00259399	start	
2	2.80801	capture	{hotSpot:[60.871471, 12.184971]}
3	4.12758	capture	{hotSpot:[117.802209, 11.041024]}
4	5.31137	capture	{hotSpot:[169.550027, 11.469469]}
5	6.68928	capture	{hotSpot:[209.544181, 12.656261]}
6	7.85052	capture	{hotSpot:[267.571471, 13.937311]}
7	9.12956	capture	{hotSpot:[334.688147, 12.793363]}
8	11.0903	capture	{hotSpot:[436.380469, 8.984488]}
9	12.6033	capture	{hotSpot:[490.595528, 10.843939]}
10	15.9396	capture	{hotSpot:[426.340167, 146.725223]}
11	17.1553	capture	{hotSpot:[577.848491, 143.344793]}
12	18.4923	capture	{hotSpot:[722.057893, 144.394483]}
13	19.7233	capture	{hotSpot:[866.729903, 149.257332]}
14	21.5316	capture	{hotSpot:[989.00827, 142.736401]}
15	22.9326	capture	{hotSpot:[1013.286611, 257.52106]}
16	24.2912	capture	{hotSpot:[863.286045, 263.523573]}
17	25.6375	capture	{hotSpot:[719.136611, 268.090795]}
18	26.6146	capture	{hotSpot:[579.964494, 259.243409]}
19	27.5573	capture	{hotSpot:[440.278367, 255.858694]}
20	28.8935	capture	{hotSpot:[431.947144, 311.659351]}
21	30.4387	capture	{hotSpot:[570.643804, 309.041553]}
22	31.6153	capture	{hotSpot:[723.964009, 310.609661]}
23	32.9193	capture	{hotSpot:[873.339197, 308.278921]}
24	34.3417	capture	{hotSpot:[1011.915921, 306.376626]}
25	36.2906	capture	{hotSpot:[1143.240841, 309.422869]}
26	38.3899	capture	{hotSpot:[580.529903, 490.10663]}
27	39.7899	capture	{hotSpot:[414.355199, 489.481101]}
28	41.1895	capture	{hotSpot:[430.726374, 439.682956]}
29	42.6019	capture	{hotSpot:[570.935075, 441.542407]}
30	45.8897	capture	{hotSpot:[1153.002721, 83.812381]}
31	46.7889	capture	{hotSpot:[1180.797737, 87.192811]}
32	48.19	capture	{hotSpot:[1177.323895, 39.635433]}
33	49.492	end	
