1	0.00248903	start	
2	2.32723	keyDown	{modifiers:256, string:@"w", theKey:@"w"}
3	2.39695	keyUp	{modifiers:256, string:@"w", theKey:@"w"}
4	2.5325	keyDown	{modifiers:256, string:@"e", theKey:@"e"}
5	2.56437	keyUp	{modifiers:256, string:@"e", theKey:@"e"}
6	2.92429	keyDown	{modifiers:256, string:@"a", theKey:@"a"}
7	3.04447	keyUp	{modifiers:256, string:@"a", theKey:@"a"}
8	3.42843	keyDown	{modifiers:256, string:@"t", theKey:@"t"}
9	3.53538	keyUp	{modifiers:256, string:@"t", theKey:@"t"}
10	3.62067	keyDown	{modifiers:256, string:@"h", theKey:@"h"}
11	3.73209	keyUp	{modifiers:256, string:@"h", theKey:@"h"}
12	3.97253	keyDown	{modifiers:256, string:@"e", theKey:@"e"}
13	4.06853	keyUp	{modifiers:256, string:@"e", theKey:@"e"}
14	4.22123	keyDown	{modifiers:256, string:@"r", theKey:@"r"}
15	4.33569	keyUp	{modifiers:256, string:@"r", theKey:@"r"}
16	5.7923	keyDown	{modifiers:256, string:@"\u007f", theKey:@"\u007f"}
17	5.86354	keyUp	{modifiers:256, string:@"\u007f", theKey:@"\u007f"}
18	6.03272	keyDown	{modifiers:256, string:@"\u007f", theKey:@"\u007f"}
19	6.12431	keyUp	{modifiers:256, string:@"\u007f", theKey:@"\u007f"}
20	7.66843	keyDown	{modifiers:256, string:@"r", theKey:@"r"}
21	7.91049	keyUp	{modifiers:256, string:@"r", theKey:@"r"}
22	7.92678	keyDown	{modifiers:256, string:@"\r", theKey:@"\r"}
23	8.04507	keyUp	{modifiers:256, string:@"\r", theKey:@"\r"}
24	10.7545	end	
