1	0.000523984	start	
2	3.47829	capture	{hotSpot:[343.888901, 227.234294]}
3	5.3601	capture	{hotSpot:[305.903664, 222.911285]}
4	10.6162	capture	{hotSpot:[320.510075, 106.982679]}
5	12.5772	capture	{hotSpot:[163.656061, 112.359661]}
6	27.3715	capture	{hotSpot:[319.593427, 349.285378]}
7	28.084	capture	{hotSpot:[324.879149, 482.917326]}
8	30.205	capture	{hotSpot:[471.924165, 100.615988]}
9	30.9248	capture	{hotSpot:[477.972333, 228.056908]}
10	34.3918	capture	{hotSpot:[479.265921, 469.357046]}
11	37.2499	capture	{hotSpot:[644.129903, 470.029705]}
12	37.4773	capture	{hotSpot:[826.230307, 472.403289]}
13	37.974	capture	{hotSpot:[970.152721, 474.26274]}
14	41.4144	capture	{hotSpot:[1115.004634, 354.148227]}
15	43.306	capture	{hotSpot:[1104.326105, 220.717648]}
16	45.8492	capture	{hotSpot:[1117.608944, 121.147065]}
17	47.7885	capture	{hotSpot:[953.340356, 121.528381]}
18	52.9549	capture	{hotSpot:[168.684779, 101.284362]}
19	53.1768	capture	{hotSpot:[168.684779, 101.284362]}
20	59.6055	capture	{hotSpot:[73.498949, 10.826801]}
21	60.7451	capture	{hotSpot:[114.251266, 10.826801]}
22	61.665	capture	{hotSpot:[162.516676, 11.970749]}
23	64.2571	capture	{hotSpot:[203.924353, 11.970749]}
24	66.2005	capture	{hotSpot:[260.807974, 14.682805]}
25	69.9319	capture	{hotSpot:[344.908351, 12.579141]}
26	74.4051	capture	{hotSpot:[435.279634, 16.173793]}
27	76.8732	capture	{hotSpot:[491.69208, 17.78903]}
28	80.0762	capture	{hotSpot:[139.287769, 45.68079]}
29	82.7339	capture	{hotSpot:[158.614494, 42.013302]}
30	84.7833	capture	{hotSpot:[179.984402, 43.110121]}
31	93.2449	end	
