1	0.000563025	start	
2	1.39562	capture	{hotSpot:[436.875, 109.8125]}
3	2.51925	capture	{hotSpot:[459.496094, 113.898438]}
4	3.20586	capture	{hotSpot:[477.039062, 113.898438]}
5	4.56831	capture	{hotSpot:[623.054688, 115.1875]}
6	5.69108	capture	{hotSpot:[823.425781, 151.648438]}
7	6.36943	capture	{hotSpot:[800.636719, 200.355469]}
8	7.27534	capture	{hotSpot:[800.636719, 246.898438]}
9	8.29622	capture	{hotSpot:[780.191406, 483.589844]}
10	9.21117	capture	{hotSpot:[491.34375, 479.894531]}
11	10.1191	capture	{hotSpot:[434.875, 443.132812]}
12	10.9141	capture	{hotSpot:[436.957031, 409.273438]}
13	11.9425	capture	{hotSpot:[434.316406, 283.425781]}
14	12.7367	capture	{hotSpot:[437.316406, 234.246094]}
15	13.6358	capture	{hotSpot:[433.371094, 194.785156]}
16	16.3729	capture	{hotSpot:[1003.316406, 9.910156]}
17	16.8244	capture	{hotSpot:[1031.316406, 15.8125]}
18	17.2783	capture	{hotSpot:[1074.636719, 12.730469]}
19	17.8504	capture	{hotSpot:[1110.578125, 11.6875]}
20	18.3063	capture	{hotSpot:[1132.328125, 13.773438]}
21	19.9304	end	
