1	0.00259197	start	
2	2.42124	capture	{hotSpot:[587.413335, 296.338163]}
3	3.5141	capture	{hotSpot:[502.216406, 302.811965]}
4	6.59692	capture	{hotSpot:[251.791406, 156.446636]}
5	6.78977	capture	{hotSpot:[251.791406, 156.446636]}
6	17.3707	capture	{hotSpot:[700.281061, 331.299263]}
7	21.442	capture	{hotSpot:[182.186072, 153.173318]}
8	22.3719	capture	{hotSpot:[182.186072, 203.262805]}
9	23.9716	capture	{hotSpot:[180.28424, 307.794779]}
10	25.5371	capture	{hotSpot:[162.388173, 479.459776]}
11	26.7292	capture	{hotSpot:[125.546606, 508.645439]}
12	27.9061	capture	{hotSpot:[166.238955, 562.633774]}
13	28.6171	capture	{hotSpot:[225.499865, 560.731479]}
14	29.2835	capture	{hotSpot:[293.850162, 563.824851]}
15	29.8835	capture	{hotSpot:[347.915302, 561.536955]}
16	30.7219	capture	{hotSpot:[417.075162, 556.588417]}
17	31.6342	capture	{hotSpot:[472.815113, 562.299587]}
18	32.5391	capture	{hotSpot:[539.704768, 554.531882]}
19	33.8352	capture	{hotSpot:[597.063847, 554.913198]}
20	36.0012	capture	{hotSpot:[578.268265, 149.92999]}
21	37.2979	capture	{hotSpot:[155.64181, 171.347948]}
22	37.9068	capture	{hotSpot:[153.82993, 218.768224]}
23	44.5407	capture	{hotSpot:[24.299758, 35.123909]}
24	51.1838	capture	{hotSpot:[811.422575, 269.706032]}
25	52.9978	end	
