1	0.000552952	start	
2	7.32958	capture	{hotSpot:[438.394531, 215.636719]}
3	7.89919	capture	{hotSpot:[491.226562, 218.800781]}
4	8.48602	capture	{hotSpot:[558.546875, 216.023438]}
5	8.9542	capture	{hotSpot:[596.960938, 222.273438]}
6	9.30692	capture	{hotSpot:[608.726562, 261.816406]}
7	9.89278	capture	{hotSpot:[573.390625, 256.609375]}
8	10.2541	capture	{hotSpot:[503.296875, 251.398438]}
9	10.957	capture	{hotSpot:[443.476562, 252.441406]}
10	11.5453	capture	{hotSpot:[435.269531, 301.566406]}
11	12.1613	capture	{hotSpot:[486.878906, 297.050781]}
12	12.7509	capture	{hotSpot:[555.683594, 304.996094]}
13	13.1073	capture	{hotSpot:[553.210938, 349.398438]}
14	13.6953	capture	{hotSpot:[481.421875, 341.761719]}
15	14.0549	capture	{hotSpot:[452.726562, 348.011719]}
16	14.6366	capture	{hotSpot:[431.933594, 402.621094]}
17	15.2169	capture	{hotSpot:[573.515625, 410.261719]}
18	15.7976	capture	{hotSpot:[619.878906, 406.09375]}
19	18.8436	capture	{hotSpot:[248.003906, 144.691406]}
20	19.0208	capture	{hotSpot:[248.003906, 144.691406]}
21	24.4508	capture	{hotSpot:[190.199219, 10.273438]}
22	25.6562	capture	{hotSpot:[234.949219, 12.664062]}
23	26.8242	capture	{hotSpot:[89.851562, 14.484375]}
24	29.5234	capture	{hotSpot:[86.867188, 38.832031]}
25	30.3054	capture	{hotSpot:[91.601562, 66.664062]}
26	30.8916	capture	{hotSpot:[92.253906, 100.484375]}
27	31.7917	capture	{hotSpot:[93.296875, 122.148438]}
28	32.8204	capture	{hotSpot:[95.992188, 148.359375]}
29	33.6113	capture	{hotSpot:[91.824219, 196.925781]}
30	35.5529	capture	{hotSpot:[856.542969, 130.511719]}
31	36.35	capture	{hotSpot:[861.710938, 104.984375]}
32	37.1516	capture	{hotSpot:[867.613281, 65.34375]}
33	38.6584	capture	{hotSpot:[349.894531, 557.230469]}
34	39.4508	capture	{hotSpot:[409.308594, 560.621094]}
35	41.384	capture	{hotSpot:[411.488281, 35.46875]}
36	42.1731	capture	{hotSpot:[481.683594, 34.289062]}
37	42.9634	capture	{hotSpot:[562.421875, 43.359375]}
38	44.4547	capture	{hotSpot:[418.460938, 512.550781]}
39	45.4873	capture	{hotSpot:[466.519531, 550.578125]}
40	46.2862	capture	{hotSpot:[537.488281, 559.21875]}
41	46.7381	capture	{hotSpot:[602.003906, 565.816406]}
42	49.242	end	
