1	0.000387013	start	
2	1.57218	capture	{hotSpot:[251.705346, 173.143963]}
3	3.49579	capture	{hotSpot:[444.841146, 211.960072]}
4	4.65975	capture	{hotSpot:[452.420113, 261.762103]}
5	5.54462	capture	{hotSpot:[495.734298, 259.955475]}
6	6.24482	capture	{hotSpot:[540.347503, 266.08989]}
7	6.80877	capture	{hotSpot:[548.644991, 295.235465]}
8	7.84579	capture	{hotSpot:[504.522978, 303.046593]}
9	8.74226	capture	{hotSpot:[451.466146, 313.829523]}
10	11.1752	capture	{hotSpot:[664.200904, 483.985445]}
11	12.1778	capture	{hotSpot:[788.561734, 475.817051]}
12	13.1457	capture	{hotSpot:[794.249004, 418.553039]}
13	14.6778	capture	{hotSpot:[913.482767, 431.012681]}
14	16.1767	capture	{hotSpot:[1085.428309, 490.237595]}
15	17.8148	capture	{hotSpot:[1204.345435, 431.759691]}
16	19.0148	capture	{hotSpot:[1235.521906, 575.128804]}
17	20.5758	capture	{hotSpot:[309.714691, 524.794935]}
18	21.9005	capture	{hotSpot:[265.373468, 583.443352]}
19	22.8879	capture	{hotSpot:[275.664139, 561.605484]}
20	24.8718	capture	{hotSpot:[231.456878, 14.416484]}
21	26.4008	capture	{hotSpot:[215.710325, 205.638905]}
22	28.0972	capture	{hotSpot:[956.045956, 73.876869]}
23	29.2502	capture	{hotSpot:[1206.582184, 61.965305]}
24	30.3732	capture	{hotSpot:[1216.917509, 95.195077]}
25	31.5519	capture	{hotSpot:[1206.095052, 12.77225]}
26	32.3101	capture	{hotSpot:[1241.728784, 12.049599]}
27	33.5945	capture	{hotSpot:[1169.462699, 10.51904]}
28	34.5439	capture	{hotSpot:[1148.345512, 12.959002]}
29	35.8163	capture	{hotSpot:[1071.427313, 14.359646]}
30	36.7192	capture	{hotSpot:[1038.217065, 15.443623]}
31	37.7433	capture	{hotSpot:[1008.757736, 12.195753]}
32	39.7451	end	
