1	0.000593007	start	
2	3.16471	capture	{hotSpot:[420.523438, 214.09375]}
3	4.83288	capture	{hotSpot:[590.59375, 223.039062]}
4	6.37668	capture	{hotSpot:[722.191406, 224.121094]}
5	9.39635	capture	{hotSpot:[1028.121094, 136.710938]}
6	11.0721	capture	{hotSpot:[1118.714844, 136.792969]}
7	12.8681	capture	{hotSpot:[975.535156, 136.527344]}
8	15.5345	capture	{hotSpot:[261.164062, 138.320312]}
9	18.7659	capture	{hotSpot:[110.09375, 77.792969]}
10	20.9427	capture	{hotSpot:[572.605469, 216.277344]}
11	21.8704	capture	{hotSpot:[785.871094, 223.488281]}
12	26.1676	capture	{hotSpot:[415.066406, 366.902344]}
13	27.7188	capture	{hotSpot:[647.371094, 381.054688]}
14	28.7782	capture	{hotSpot:[864.941406, 380.945312]}
15	30.0731	capture	{hotSpot:[1078.800781, 379.332031]}
16	31.0074	capture	{hotSpot:[1094.382812, 481.917969]}
17	31.6391	capture	{hotSpot:[1089.214844, 571.761719]}
18	32.696	capture	{hotSpot:[859.398438, 577.667969]}
19	33.6497	capture	{hotSpot:[857.230469, 476.667969]}
20	34.3417	capture	{hotSpot:[655.414062, 479.695312]}
21	34.9074	capture	{hotSpot:[653.757812, 598.761719]}
22	35.5929	capture	{hotSpot:[411.621094, 572.457031]}
23	36.6574	capture	{hotSpot:[398.289062, 463.054688]}
24	36.8435	capture	{hotSpot:[398.980469, 463.054688]}
25	43.8111	capture	{hotSpot:[413.996094, 579.570312]}
26	43.9924	capture	{hotSpot:[413.996094, 579.570312]}
27	59.2654	capture	{hotSpot:[292.828125, 217.125]}
28	64.4633	capture	{hotSpot:[970.5625, 575.304688]}
29	65.7322	capture	{hotSpot:[979.898438, 603]}
30	67.9919	end	
