1	0.000674009	start	
2	1.71921	capture	{hotSpot:[242.488281, 156.371094]}
3	4.42723	capture	{hotSpot:[506.90625, 294.050781]}
4	6.57131	capture	{hotSpot:[587.308594, 283.453125]}
5	9.25624	capture	{hotSpot:[673.335938, 420.175781]}
6	11.64	capture	{hotSpot:[788.054688, 419.871094]}
7	13.6638	capture	{hotSpot:[918.777344, 424.078125]}
8	15.457	capture	{hotSpot:[1086.277344, 486.148438]}
9	18.0981	capture	{hotSpot:[296.308594, 535.230469]}
10	23.831	capture	{hotSpot:[78.210938, 755.34375]}
11	26.808	capture	{hotSpot:[124.308594, 756.730469]}
12	29.0608	capture	{hotSpot:[168.503906, 761.246094]}
13	30.9664	capture	{hotSpot:[219.460938, 762.289062]}
14	33.459	capture	{hotSpot:[269.558594, 756.566406]}
15	35.5895	capture	{hotSpot:[318.777344, 761.773438]}
16	39.9505	capture	{hotSpot:[579.695312, 768.382812]}
17	42.6774	capture	{hotSpot:[620.195312, 761.398438]}
18	45.1849	capture	{hotSpot:[723.984375, 764.953125]}
19	46.2676	capture	{hotSpot:[778.847656, 765.996094]}
20	47.3695	capture	{hotSpot:[814.972656, 773.164062]}
21	48.5831	capture	{hotSpot:[888.722656, 757.453125]}
22	50.421	capture	{hotSpot:[976.527344, 765.398438]}
23	51.055	capture	{hotSpot:[1031.570312, 763.664062]}
24	51.9325	capture	{hotSpot:[1094.207031, 772.300781]}
25	53.3725	capture	{hotSpot:[813.140625, 431.023438]}
26	53.8745	capture	{hotSpot:[919.804688, 418.261719]}
27	54.5042	capture	{hotSpot:[1121.472656, 503.816406]}
28	57.6568	capture	{hotSpot:[490.777344, 293.621094]}
29	60.1836	capture	{hotSpot:[579.070312, 279.773438]}
30	63.0178	capture	{hotSpot:[506.113281, 302.691406]}
31	64.7079	capture	{hotSpot:[593.015625, 279.734375]}
32	66.5061	capture	{hotSpot:[556.457031, 271.734375]}
33	67.852	capture	{hotSpot:[793.402344, 358.886719]}
34	68.605	capture	{hotSpot:[904.820312, 389.398438]}
35	69.834	capture	{hotSpot:[967.191406, 322.34375]}
36	70.337	capture	{hotSpot:[1023.359375, 361.414062]}
37	70.8703	capture	{hotSpot:[1066.679688, 388.800781]}
38	71.6239	capture	{hotSpot:[981.609375, 385.855469]}
39	72.9971	capture	{hotSpot:[827.886719, 275.273438]}
40	73.6018	capture	{hotSpot:[1005.929688, 317.636719]}
41	76.6893	end	
