1	0.000333011	start	
2	4.08898	capture	{hotSpot:[499.203125, 300.75]}
3	5.38276	capture	{hotSpot:[612.230469, 365.945312]}
4	6.78319	capture	{hotSpot:[680.714844, 419.761719]}
5	9.40217	capture	{hotSpot:[796.089844, 253.636719]}
6	11.2859	capture	{hotSpot:[526.742188, 403.289062]}
7	16.9818	capture	{hotSpot:[92.4375, 769.164062]}
8	22.4453	capture	{hotSpot:[97.007812, 760.234375]}
9	27.1863	capture	{hotSpot:[168.0625, 112.167969]}
10	28.4828	capture	{hotSpot:[315.589844, 114.597656]}
11	30.1875	capture	{hotSpot:[319.492188, 235.359375]}
12	31.2831	capture	{hotSpot:[165.394531, 228.722656]}
13	31.9889	capture	{hotSpot:[170.339844, 364.402344]}
14	32.8839	capture	{hotSpot:[314.742188, 355.375]}
15	33.91	capture	{hotSpot:[170.730469, 474.039062]}
16	34.6849	capture	{hotSpot:[315.785156, 473.566406]}
17	35.5824	capture	{hotSpot:[477.464844, 471.832031]}
18	36.3866	capture	{hotSpot:[489.921875, 352.039062]}
19	37.1898	capture	{hotSpot:[470.171875, 232.5]}
20	38.0825	capture	{hotSpot:[478.851562, 115.265625]}
21	38.9832	capture	{hotSpot:[625.226562, 110.832031]}
22	39.6062	capture	{hotSpot:[632.867188, 223.636719]}
23	40.3898	capture	{hotSpot:[655.394531, 347.125]}
24	41.2799	capture	{hotSpot:[650.53125, 448.125]}
25	43.2214	end	
