1	0.000800014	start	
2	2.65385	capture	{hotSpot:[162.863631, 120.225909]}
3	4.43393	capture	{hotSpot:[318.809564, 115.658687]}
4	5.85453	capture	{hotSpot:[481.947333, 113.327947]}
5	7.94221	capture	{hotSpot:[639.602344, 119.133374]}
6	9.73433	capture	{hotSpot:[801.35229, 110.234575]}
7	11.2473	capture	{hotSpot:[947.489224, 118.186511]}
8	14.4339	capture	{hotSpot:[1096.431789, 113.859218]}
9	15.9346	capture	{hotSpot:[1107.808513, 236.981414]}
10	17.434	capture	{hotSpot:[1107.093184, 361.350385]}
11	18.9348	capture	{hotSpot:[1105.996633, 485.813613]}
12	20.5534	capture	{hotSpot:[944.383755, 484.04842]}
13	22.3375	capture	{hotSpot:[782.586692, 485.526555]}
14	24.0343	capture	{hotSpot:[630.401589, 492.810117]}
15	25.5351	capture	{hotSpot:[480.165436, 483.375762]}
16	26.8342	capture	{hotSpot:[338.217672, 500.564969]}
17	28.734	capture	{hotSpot:[169.9441, 486.134947]}
18	30.7343	capture	{hotSpot:[325.281789, 359.083911]}
19	32.3344	capture	{hotSpot:[481.518992, 356.508958]}
20	33.8444	capture	{hotSpot:[639.096902, 366.033287]}
21	53.9756	capture	{hotSpot:[164.15722, 355.823446]}
22	55.4725	capture	{hotSpot:[177.864116, 250.875881]}
23	58.8995	end	
