1	0.000371993	start	
2	2.34391	capture	{hotSpot:[202.999138, 193.335738]}
3	3.44309	capture	{hotSpot:[197.422144, 187.808799]}
4	5.54185	capture	{hotSpot:[186.473761, 188.948462]}
5	9.24033	capture	{hotSpot:[194.942053, 184.364102]}
6	11.464	capture	{hotSpot:[252.168346, 185.97934]}
7	13.3636	capture	{hotSpot:[326.9566, 192.07611]}
8	15.1729	capture	{hotSpot:[366.423895, 192.123239]}
9	17.2628	capture	{hotSpot:[458.778394, 188.357208]}
10	19.4872	capture	{hotSpot:[505.236207, 190.645104]}
11	22.6637	capture	{hotSpot:[567.551185, 190.645104]}
12	25.076	capture	{hotSpot:[645.813281, 195.259455]}
13	27.5662	capture	{hotSpot:[700.465248, 192.975844]}
14	36.8515	capture	{hotSpot:[741.881492, 145.97116]}
15	42.0422	capture	{hotSpot:[317.083351, 224.912123]}
16	50.8563	capture	{hotSpot:[1032.240679, 76.63593]}
17	51.866	capture	{hotSpot:[1171.387096, 74.395163]}
18	53.2794	capture	{hotSpot:[1008.403529, 74.776479]}
19	55.7374	capture	{hotSpot:[443.623707, 67.921362]}
20	56.7386	capture	{hotSpot:[403.393966, 70.299231]}
21	58.0397	capture	{hotSpot:[166.290356, 77.488535]}
22	60.1387	capture	{hotSpot:[425.286449, 72.111552]}
23	60.8622	capture	{hotSpot:[402.862823, 72.111552]}
24	62.1874	end	
