1	0.000519037	start	
2	2.4785	capture	{hotSpot:[168.96875, 140.847656]}
3	3.84811	capture	{hotSpot:[317.886719, 139.804688]}
4	4.8579	capture	{hotSpot:[475.996094, 141.804688]}
5	6.55857	capture	{hotSpot:[634.316406, 126.042969]}
6	7.75879	capture	{hotSpot:[782.980469, 98.613281]}
7	8.75813	capture	{hotSpot:[813.496094, 212.125]}
8	10.0698	capture	{hotSpot:[629.96875, 221.457031]}
9	11.3594	capture	{hotSpot:[491.355469, 231.917969]}
10	12.6584	capture	{hotSpot:[349.925781, 336.265625]}
11	13.6594	capture	{hotSpot:[471.261719, 349.417969]}
12	14.3819	capture	{hotSpot:[660.148438, 360.25]}
13	15.3636	capture	{hotSpot:[791.648438, 347.875]}
14	16.6584	capture	{hotSpot:[782.621094, 451.625]}
15	17.4563	capture	{hotSpot:[659.289062, 482.972656]}
16	18.1579	capture	{hotSpot:[459.34375, 463.609375]}
17	19.5573	capture	{hotSpot:[161.414062, 482.5]}
18	21.057	capture	{hotSpot:[160.957031, 218.777344]}
19	21.7571	capture	{hotSpot:[315.207031, 224.597656]}
20	23.1064	end	
