1	0.000352025	start	
2	2.25096	capture	{hotSpot:[68.398438, 10.246094]}
3	3.3646	capture	{hotSpot:[121.789062, 10.246094]}
4	4.23109	capture	{hotSpot:[171.746094, 10.246094]}
5	4.93784	capture	{hotSpot:[216.496094, 14.414062]}
6	5.43771	capture	{hotSpot:[257.425781, 7.121094]}
7	5.96553	capture	{hotSpot:[330.300781, 17.886719]}
8	6.73884	capture	{hotSpot:[414.59375, 10.636719]}
9	7.24146	capture	{hotSpot:[490.898438, 9.59375]}
10	7.73808	capture	{hotSpot:[495.71875, 42.191406]}
11	8.73872	capture	{hotSpot:[579.066406, 132.523438]}
12	10.2464	capture	{hotSpot:[206.359375, 44.984375]}
13	10.9384	capture	{hotSpot:[231.925781, 47.679688]}
14	11.6384	capture	{hotSpot:[275.203125, 40.734375]}
15	12.2515	capture	{hotSpot:[318.566406, 83.09375]}
16	13.142	capture	{hotSpot:[245.734375, 84.832031]}
17	13.8403	capture	{hotSpot:[176.761719, 89.691406]}
18	17.8636	capture	{hotSpot:[1017.414062, 13.652344]}
19	18.7397	capture	{hotSpot:[1040.632812, 12.652344]}
20	19.7393	capture	{hotSpot:[1081.566406, 16.164062]}
21	21.6949	capture	{hotSpot:[1138.160156, 16.707031]}
22	23.5372	capture	{hotSpot:[1210.425781, 13.886719]}
23	24.438	capture	{hotSpot:[1245.757812, 9.109375]}
24	25.621	capture	{hotSpot:[1181.605469, 85.636719]}
25	26.2544	capture	{hotSpot:[1152.828125, 92.929688]}
26	27.2574	capture	{hotSpot:[1137.632812, 40.929688]}
27	27.9407	capture	{hotSpot:[1174.316406, 44.359375]}
28	28.9505	capture	{hotSpot:[1210.828125, 48.484375]}
29	31.9427	end	
