1	0.00278604	start	
2	2.81232	mouseDown	{button:1, clickCount:1, hotSpot:[35.484375, 234.242188]}
3	2.93497	mouseUp	{button:1, clickCount:1, hotSpot:[35.484375, 234.242188]}
4	3.0581	mouseDown	{button:1, clickCount:2, hotSpot:[35.484375, 234.242188]}
5	3.24482	mouseUp	{button:1, clickCount:2, hotSpot:[35.484375, 234.242188]}
6	5.43844	keyDown	{modifiers:256, string:@"j", theKey:@"j"}
7	5.50001	keyDown	{modifiers:256, string:@"h", theKey:@"h"}
8	5.50069	keyUp	{modifiers:256, string:@"h", theKey:@"h"}
9	5.62642	keyUp	{modifiers:256, string:@"j", theKey:@"j"}
10	5.73533	keyDown	{modifiers:256, string:@"j", theKey:@"j"}
11	5.93833	keyDown	{modifiers:256, string:@"h", theKey:@"h"}
12	6.02873	keyUp	{modifiers:256, string:@"j", theKey:@"j"}
13	6.23562	keyDown	{modifiers:256, string:@"j", theKey:@"j"}
14	6.33434	keyUp	{modifiers:256, string:@"h", theKey:@"h"}
15	6.40958	keyDown	{modifiers:256, string:@"h", theKey:@"h"}
16	6.53988	keyUp	{modifiers:256, string:@"j", theKey:@"j"}
17	6.70868	keyDown	{modifiers:256, string:@"j", theKey:@"j"}
18	6.83755	keyUp	{modifiers:256, string:@"j", theKey:@"j"}
19	6.83832	keyUp	{modifiers:256, string:@"h", theKey:@"h"}
20	6.93462	keyDown	{modifiers:256, string:@"j", theKey:@"j"}
21	6.95125	keyDown	{modifiers:256, string:@"h", theKey:@"h"}
22	7.04542	keyUp	{modifiers:256, string:@"h", theKey:@"h"}
23	7.04791	keyUp	{modifiers:256, string:@"j", theKey:@"j"}
24	8.4133	mouseDown	{button:1, clickCount:1, hotSpot:[689.9375, 36.15625]}
25	8.89575	mouseUp	{button:1, clickCount:0, hotSpot:[536.480469, 35.113281]}
26	9.91375	mouseDown	{button:1, clickCount:1, hotSpot:[1027.585938, 15.972656]}
27	10.0698	mouseUp	{button:1, clickCount:1, hotSpot:[1027.585938, 15.972656]}
28	16.0735	end	
