1	0.000348985	start	
2	1.80899	capture	{hotSpot:[433.908944, 201.810377]}
3	3.00357	capture	{hotSpot:[501.256923, 206.429012]}
4	3.56985	capture	{hotSpot:[559.237096, 201.857506]}
5	4.34974	capture	{hotSpot:[625.775512, 210.32786]}
6	5.39413	capture	{hotSpot:[457.574758, 259.881791]}
7	5.89197	capture	{hotSpot:[490.608378, 258.784973]}
8	6.65027	capture	{hotSpot:[552.730603, 253.83215]}
9	7.35027	capture	{hotSpot:[610.329553, 255.785859]}
10	7.93109	capture	{hotSpot:[622.849946, 301.728]}
11	8.81199	capture	{hotSpot:[561.550135, 296.732333]}
12	9.30673	capture	{hotSpot:[505.625997, 308.201801]}
13	10.0816	capture	{hotSpot:[434.273033, 306.252377]}
14	10.5059	capture	{hotSpot:[444.553206, 358.672604]}
15	10.9545	capture	{hotSpot:[493.105603, 350.720668]}
16	11.4187	capture	{hotSpot:[547.796121, 347.383083]}
17	12.02	capture	{hotSpot:[624.995932, 353.094252]}
18	12.4737	capture	{hotSpot:[619.239036, 390.754555]}
19	12.9908	capture	{hotSpot:[546.121309, 401.752734]}
20	13.448	capture	{hotSpot:[476.310372, 400.608786]}
21	13.6917	capture	{hotSpot:[476.310372, 400.608786]}
22	26.2681	end	
