1	0.000548959	start	
2	3.55588	capture	{hotSpot:[802.919213, 253.481553]}
3	9.09373	capture	{hotSpot:[429.67287, 116.709761]}
4	10.9193	capture	{hotSpot:[502.848618, 287.61995]}
5	11.1053	capture	{hotSpot:[502.848618, 287.61995]}
6	24.9688	capture	{hotSpot:[327.321751, 764.338123]}
7	26.2167	capture	{hotSpot:[327.321751, 764.338123]}
8	26.4007	capture	{hotSpot:[327.321751, 764.338123]}
9	28.9754	capture	{hotSpot:[175.7706, 769.891656]}
10	29.1925	capture	{hotSpot:[175.7706, 769.891656]}
11	35.7549	capture	{hotSpot:[66.791631, 770.499207]}
12	36.7546	capture	{hotSpot:[66.791631, 770.499207]}
13	36.9608	capture	{hotSpot:[66.791631, 770.499207]}
14	43.9974	capture	{hotSpot:[335.181099, 304.023837]}
15	44.826	capture	{hotSpot:[337.417465, 335.924562]}
16	45.528	capture	{hotSpot:[338.512129, 352.944557]}
17	46.3573	capture	{hotSpot:[343.027619, 386.411225]}
18	47.0377	capture	{hotSpot:[346.067879, 403.101773]}
19	47.8278	capture	{hotSpot:[351.387263, 436.324564]}
20	49.2299	capture	{hotSpot:[607.859429, 510.484337]}
21	51.0266	end	
