1	0.000346005	start	
2	2.75709	keyDown	{modifiers:256, string:@"a", theKey:@"a"}
3	2.93805	keyUp	{modifiers:256, string:@"a", theKey:@"a"}
4	3.43716	keyDown	{modifiers:256, string:@"p", theKey:@"p"}
5	3.53647	keyUp	{modifiers:256, string:@"p", theKey:@"p"}
6	3.61473	keyDown	{modifiers:256, string:@"p", theKey:@"p"}
7	3.65219	keyUp	{modifiers:256, string:@"p", theKey:@"p"}
8	4.23593	keyDown	{modifiers:256, string:@"l", theKey:@"l"}
9	4.33591	keyUp	{modifiers:256, string:@"l", theKey:@"l"}
10	7.82834	keyDown	{modifiers:256, string:@"d", theKey:@"d"}
11	7.94178	keyDown	{modifiers:256, string:@"s", theKey:@"s"}
12	7.96417	keyUp	{modifiers:256, string:@"d", theKey:@"d"}
13	8.11608	keyDown	{modifiers:256, string:@"d", theKey:@"d"}
14	8.11853	keyUp	{modifiers:256, string:@"s", theKey:@"s"}
15	8.23797	keyUp	{modifiers:256, string:@"d", theKey:@"d"}
16	8.2406	keyDown	{modifiers:256, string:@"s", theKey:@"s"}
17	8.24426	keyDown	{modifiers:256, string:@"l", theKey:@"l"}
18	8.31638	keyUp	{modifiers:256, string:@"l", theKey:@"l"}
19	8.336	keyUp	{modifiers:256, string:@"s", theKey:@"s"}
20	10.043	end	
