1	0.000546992	start	
2	2.54008	capture	{hotSpot:[602.65625, 286.441406]}
3	3.24281	capture	{hotSpot:[691.417969, 290.996094]}
4	5.9927	capture	{hotSpot:[615.253906, 276.21875]}
5	6.35222	capture	{hotSpot:[611.085938, 287.59375]}
6	8.63345	capture	{hotSpot:[440.460938, 244.414062]}
7	9.22056	capture	{hotSpot:[444.28125, 216.71875]}
8	9.69376	capture	{hotSpot:[491.726562, 220.582031]}
9	10.2786	capture	{hotSpot:[547.808594, 218.539062]}
10	10.8724	capture	{hotSpot:[606.015625, 215.066406]}
11	11.3398	capture	{hotSpot:[613.960938, 253.136719]}
12	12.0477	capture	{hotSpot:[603.851562, 291.550781]}
13	12.6427	capture	{hotSpot:[566.042969, 310.648438]}
14	13.1148	capture	{hotSpot:[560.878906, 349.066406]}
15	13.5872	capture	{hotSpot:[604.933594, 356.664062]}
16	14.0618	capture	{hotSpot:[602.808594, 389.609375]}
17	14.3117	capture	{hotSpot:[547.601562, 389.566406]}
18	14.7851	capture	{hotSpot:[497.296875, 398.941406]}
19	15.4908	capture	{hotSpot:[665.878906, 434.761719]}
20	16.7684	capture	{hotSpot:[783.15625, 431.289062]}
21	17.4878	capture	{hotSpot:[897.835938, 435.800781]}
22	18.5382	capture	{hotSpot:[806.472656, 291.96875]}
23	19.3696	capture	{hotSpot:[1074.417969, 503.011719]}
24	20.5327	capture	{hotSpot:[299.710938, 511.414062]}
25	21.5821	capture	{hotSpot:[223.015625, 170.332031]}
26	24.2674	capture	{hotSpot:[69.199219, 745.480469]}
27	24.7404	capture	{hotSpot:[107.738281, 762.757812]}
28	25.2143	capture	{hotSpot:[161.863281, 765.191406]}
29	25.6924	capture	{hotSpot:[222.558594, 774.523438]}
30	26.2756	capture	{hotSpot:[256.890625, 770.746094]}
31	26.7411	capture	{hotSpot:[318.796875, 771.789062]}
32	27.4367	capture	{hotSpot:[370.503906, 774.953125]}
33	27.9032	capture	{hotSpot:[419.210938, 777.039062]}
34	28.4944	capture	{hotSpot:[457.585938, 774.953125]}
35	29.1924	capture	{hotSpot:[526.265625, 769.09375]}
36	31.4652	end	
