1	0.000518978	start	
2	1.98418	capture	{hotSpot:[129.640625, 35.761719]}
3	2.66885	capture	{hotSpot:[128.597656, 62.859375]}
4	3.24279	capture	{hotSpot:[108.808594, 99.234375]}
5	3.8098	capture	{hotSpot:[103.945312, 120.246094]}
6	4.72438	capture	{hotSpot:[127.433594, 154.582031]}
7	5.29357	capture	{hotSpot:[109.722656, 186.484375]}
8	5.97036	capture	{hotSpot:[192.5, 202.414062]}
9	6.42164	capture	{hotSpot:[184.210938, 146.207031]}
10	6.87375	capture	{hotSpot:[190.375, 130.96875]}
11	7.79232	capture	{hotSpot:[188.375, 93.289062]}
12	8.2546	capture	{hotSpot:[184.210938, 68.84375]}
13	9.16914	capture	{hotSpot:[223.847656, 8.59375]}
14	9.85078	capture	{hotSpot:[278.335938, 15.414062]}
15	10.6498	capture	{hotSpot:[352.167969, 13.761719]}
16	11.4538	capture	{hotSpot:[401.304688, 40.84375]}
17	12.2646	capture	{hotSpot:[473.890625, 40.886719]}
18	13.0662	capture	{hotSpot:[562.734375, 41.398438]}
19	14.2136	capture	{hotSpot:[875.039062, 58.898438]}
20	15.0045	capture	{hotSpot:[870, 82.46875]}
21	15.5691	capture	{hotSpot:[874.125, 98.582031]}
22	16.2534	capture	{hotSpot:[861.707031, 138.386719]}
23	17.2857	capture	{hotSpot:[1085.152344, 484.539062]}
24	18.7818	capture	{hotSpot:[598.554688, 560.941406]}
25	19.4687	capture	{hotSpot:[535.875, 557.816406]}
26	20.1472	capture	{hotSpot:[463.429688, 559.46875]}
27	20.8337	capture	{hotSpot:[405.957031, 560.816406]}
28	21.6371	capture	{hotSpot:[357.777344, 563.898438]}
29	22.4356	capture	{hotSpot:[370.277344, 512.761719]}
30	24.2922	end	
