1	0.00260901	start	
2	12.1821	capture	{hotSpot:[171.113281, 114.402344]}
3	18.6748	capture	{hotSpot:[162.53125, 115.914062]}
4	21.3651	capture	{hotSpot:[322.53125, 116.261719]}
5	23.0126	capture	{hotSpot:[477.710938, 117.304688]}
6	28.1258	capture	{hotSpot:[173.726562, 223.429688]}
7	29.8908	capture	{hotSpot:[306.753906, 230.191406]}
8	32.4848	capture	{hotSpot:[479.628906, 231.664062]}
9	38.8459	capture	{hotSpot:[637.097656, 235.96875]}
10	47.4946	capture	{hotSpot:[789.695312, 231.234375]}
11	49.1361	capture	{hotSpot:[952.347656, 232.273438]}
12	50.1815	capture	{hotSpot:[1112.554688, 225.679688]}
13	51.4603	capture	{hotSpot:[1098.890625, 351.734375]}
14	53.6683	capture	{hotSpot:[792.695312, 351.386719]}
15	79.7184	capture	{hotSpot:[645.210938, 355.207031]}
16	83.8109	capture	{hotSpot:[485.183594, 342.359375]}
17	86.1538	capture	{hotSpot:[307.667969, 357.941406]}
18	88.5977	capture	{hotSpot:[166.671875, 342.121094]}
19	98.5116	capture	{hotSpot:[165.40625, 469.761719]}
20	100.839	capture	{hotSpot:[327.351562, 486.039062]}
21	103.257	capture	{hotSpot:[483.53125, 473.316406]}
22	105.343	capture	{hotSpot:[641.238281, 473.441406]}
23	107.312	capture	{hotSpot:[812.347656, 476.175781]}
24	109.054	capture	{hotSpot:[929.585938, 473.359375]}
25	112.891	capture	{hotSpot:[163.835938, 476.832031]}
26	115.255	capture	{hotSpot:[325.960938, 486.121094]}
27	116.894	capture	{hotSpot:[470.320312, 481.261719]}
28	118.18	capture	{hotSpot:[615.070312, 470.84375]}
29	120.139	capture	{hotSpot:[783.613281, 458.34375]}
30	122.364	capture	{hotSpot:[780.777344, 459.066406]}
31	124.462	capture	{hotSpot:[773.140625, 476.648438]}
32	125.95	capture	{hotSpot:[797.652344, 487.925781]}
33	127.453	capture	{hotSpot:[796.570312, 481.636719]}
34	130.001	capture	{hotSpot:[962.765625, 481.371094]}
35	135.579	capture	{hotSpot:[1089.875, 469.859375]}
36	140.376	capture	{hotSpot:[1105.972656, 473.246094]}
37	158.849	end	
