1	0.000491977	start	
2	0.739869	capture	{hotSpot:[197.960938, 83.070312]}
3	1.78273	capture	{hotSpot:[249.613281, 84.5]}
4	2.48501	capture	{hotSpot:[324.972656, 85.195312]}
5	3.32414	capture	{hotSpot:[398.152344, 82.070312]}
6	4.03431	capture	{hotSpot:[466.085938, 85.5]}
7	4.75496	capture	{hotSpot:[527.207031, 87.929688]}
8	5.34043	capture	{hotSpot:[569.445312, 83.070312]}
9	6.05148	capture	{hotSpot:[642.015625, 90.359375]}
10	6.77195	capture	{hotSpot:[746.140625, 84.152344]}
11	7.47637	capture	{hotSpot:[686.109375, 43.652344]}
12	8.76283	capture	{hotSpot:[140.972656, 47.472656]}
13	9.34285	capture	{hotSpot:[158.988281, 42.695312]}
14	10.0515	capture	{hotSpot:[178.085938, 41.695312]}
15	10.6411	capture	{hotSpot:[205.863281, 41.347656]}
16	11.1029	capture	{hotSpot:[238.722656, 46.207031]}
17	11.6824	capture	{hotSpot:[275.402344, 42.042969]}
18	13.6747	capture	{hotSpot:[1126.011719, 89]}
19	14.4836	capture	{hotSpot:[1101.347656, 86.222656]}
20	14.8399	capture	{hotSpot:[1045.429688, 84.484375]}
21	15.1795	capture	{hotSpot:[1002.445312, 83.484375]}
22	16.2301	capture	{hotSpot:[1124.25, 52.277344]}
23	17.8729	capture	{hotSpot:[252.332031, 544.5]}
24	19.3779	capture	{hotSpot:[257.804688, 424.042969]}
25	20.4601	capture	{hotSpot:[179.390625, 495.109375]}
26	22.0947	capture	{hotSpot:[297.75, 217.890625]}
27	23.4852	capture	{hotSpot:[884.539062, 212.554688]}
28	24.7687	capture	{hotSpot:[553.597656, 148.917969]}
29	26.5092	capture	{hotSpot:[1059.304688, 493.511719]}
30	26.8647	capture	{hotSpot:[1076.539062, 496.597656]}
31	27.4591	capture	{hotSpot:[1140.777344, 490.734375]}
32	28.5207	capture	{hotSpot:[864.902344, 542.609375]}
33	29.22	capture	{hotSpot:[954.75, 539.484375]}
34	29.9247	capture	{hotSpot:[1122.539062, 540.136719]}
35	30.7555	capture	{hotSpot:[734.359375, 537.667969]}
36	31.6901	capture	{hotSpot:[820.597656, 648.261719]}
37	32.5201	capture	{hotSpot:[836.832031, 698.136719]}
38	33.3449	capture	{hotSpot:[901.957031, 701.875]}
39	33.9412	capture	{hotSpot:[998.34375, 705.039062]}
40	34.6543	capture	{hotSpot:[1101.34375, 706.125]}
41	35.7274	capture	{hotSpot:[560.859375, 702.039062]}
42	36.5608	capture	{hotSpot:[200.445312, 699.914062]}
43	38.9408	capture	{hotSpot:[27.320312, 18.75]}
44	44.9575	capture	{hotSpot:[136.402344, 45.890625]}
45	50.1752	capture	{hotSpot:[586.625, 281]}
46	52.1694	capture	{hotSpot:[725, 283.429688]}
47	53.1036	capture	{hotSpot:[790.289062, 394.5]}
48	53.6916	capture	{hotSpot:[918.082031, 408.695312]}
49	54.734	capture	{hotSpot:[1089.109375, 503.152344]}
50	55.7864	capture	{hotSpot:[652.929688, 430.609375]}
51	57.6432	end	
