1	0.000458002	start	
2	2.24007	capture	{hotSpot:[299.164062, 15.082031]}
3	3.16093	capture	{hotSpot:[361.972656, 11.304688]}
4	4.76744	capture	{hotSpot:[177.941406, 10.582031]}
5	5.43962	capture	{hotSpot:[144.886719, 14.277344]}
6	6.36099	capture	{hotSpot:[93.011719, 11.191406]}
7	7.38308	capture	{hotSpot:[35.539062, 14.277344]}
8	8.18299	capture	{hotSpot:[71.484375, 32.207031]}
9	8.85924	capture	{hotSpot:[96.5, 59.566406]}
10	9.41926	capture	{hotSpot:[116.902344, 95.554688]}
11	9.98529	capture	{hotSpot:[114.820312, 127.804688]}
12	10.5522	capture	{hotSpot:[121.761719, 147.511719]}
13	11.2288	capture	{hotSpot:[122.761719, 162.664062]}
14	12.0264	capture	{hotSpot:[133.789062, 189.234375]}
15	12.4756	capture	{hotSpot:[196.207031, 202.773438]}
16	13.1561	capture	{hotSpot:[194.082031, 151.59375]}
17	13.7254	capture	{hotSpot:[182.664062, 125.679688]}
18	14.2889	capture	{hotSpot:[195.691406, 99.84375]}
19	14.7368	capture	{hotSpot:[177.109375, 72.316406]}
20	16.585	capture	{hotSpot:[850.425781, 66.691406]}
21	17.0426	capture	{hotSpot:[855.550781, 84.582031]}
22	17.7215	capture	{hotSpot:[858.675781, 93.871094]}
23	18.1725	capture	{hotSpot:[866.96875, 131.898438]}
24	20.13	capture	{hotSpot:[174.289062, 563.578125]}
25	20.8088	capture	{hotSpot:[224.429688, 558.761719]}
26	21.4877	capture	{hotSpot:[293.929688, 557.636719]}
27	22.2799	capture	{hotSpot:[350.191406, 555.59375]}
28	22.8569	capture	{hotSpot:[412.621094, 560.414062]}
29	23.7645	capture	{hotSpot:[479.023438, 562.023438]}
30	24.4453	capture	{hotSpot:[537.621094, 559.941406]}
31	25.0172	capture	{hotSpot:[598.957031, 556.816406]}
32	26.7199	capture	{hotSpot:[1079.382812, 505.246094]}
33	27.6367	capture	{hotSpot:[1093.230469, 109.679688]}
34	28.6689	capture	{hotSpot:[1000.871094, 17.09375]}
35	29.3483	capture	{hotSpot:[1029.300781, 16.09375]}
36	29.8036	capture	{hotSpot:[1070.230469, 16.441406]}
37	30.6047	capture	{hotSpot:[1095.84375, 9.152344]}
38	69.7604	capture	{hotSpot:[177.332031, 151.789062]}
39	70.9051	capture	{hotSpot:[402.996094, 31.21875]}
40	72.3869	capture	{hotSpot:[847.953125, 62.734375]}
41	76.3173	capture	{hotSpot:[301.46875, 763.566406]}
42	76.9963	capture	{hotSpot:[265.179688, 772.984375]}
43	77.7883	capture	{hotSpot:[218.121094, 766.816406]}
44	78.4715	capture	{hotSpot:[152.261719, 764.386719]}
45	79.6038	capture	{hotSpot:[64.304688, 764.34375]}
46	108.677	end	
