1	0.000456989	start	
2	1.4968	capture	{hotSpot:[164.319989, 109.49765]}
3	2.71095	capture	{hotSpot:[315.626994, 109.49765]}
4	3.94237	capture	{hotSpot:[475.650727, 108.919249]}
5	4.75713	capture	{hotSpot:[635.426024, 111.20286]}
6	5.61302	capture	{hotSpot:[782.745178, 110.106041]}
7	6.82115	capture	{hotSpot:[942.426239, 118.863454]}
8	8.41398	capture	{hotSpot:[1092.443939, 108.962094]}
9	9.4371	capture	{hotSpot:[1102.724111, 223.412566]}
10	10.3581	capture	{hotSpot:[942.807462, 228.652446]}
11	11.3043	capture	{hotSpot:[795.111369, 227.709868]}
12	12.5373	capture	{hotSpot:[631.708028, 233.009731]}
13	13.8243	capture	{hotSpot:[481.16347, 230.250546]}
14	14.8219	capture	{hotSpot:[320.668561, 228.395379]}
15	15.8232	capture	{hotSpot:[158.730145, 218.583992]}
16	16.7603	capture	{hotSpot:[161.732812, 339.932427]}
17	17.6162	capture	{hotSpot:[315.935399, 345.647881]}
18	18.9213	capture	{hotSpot:[484.954283, 348.021465]}
19	19.6662	capture	{hotSpot:[633.978233, 349.928045]}
20	21.6335	capture	{hotSpot:[791.864547, 352.682945]}
21	22.8402	capture	{hotSpot:[937.461773, 350.155121]}
22	24.1533	capture	{hotSpot:[1106.956115, 346.393375]}
23	25.1373	capture	{hotSpot:[1104.67306, 472.557529]}
24	26.0012	capture	{hotSpot:[956.36444, 472.313316]}
25	27.0011	capture	{hotSpot:[785.940598, 468.838628]}
26	27.9151	capture	{hotSpot:[628.585426, 463.980064]}
27	28.7633	capture	{hotSpot:[485.181304, 470.88231]}
28	29.6032	capture	{hotSpot:[337.926401, 476.59348]}
29	30.4121	capture	{hotSpot:[155.153502, 477.737428]}
30	35.2283	capture	{hotSpot:[596.588389, 38.003058]}
31	39.2975	end	
