1	0.000553966	start	
2	2.35012	capture	{hotSpot:[514.916703, 287.426511]}
3	3.6313	capture	{hotSpot:[589.499353, 275.622855]}
4	6.2721	capture	{hotSpot:[307.929714, 517.377145]}
5	8.19997	capture	{hotSpot:[581.198114, 280.999838]}
6	9.95364	capture	{hotSpot:[670.245824, 419.623168]}
7	11.3545	capture	{hotSpot:[788.964682, 424.957307]}
8	13.209	capture	{hotSpot:[909.902344, 415.908552]}
9	14.8013	capture	{hotSpot:[1086.447171, 489.986666]}
10	16.6647	capture	{hotSpot:[1205.697171, 433.517635]}
11	19.0162	capture	{hotSpot:[1233.779176, 580.247142]}
12	21.4342	capture	{hotSpot:[920.79076, 417.47666]}
13	24.0092	capture	{hotSpot:[801.909133, 237.384152]}
14	27.2894	capture	{hotSpot:[1081.953879, 71.096138]}
15	28.985	capture	{hotSpot:[1220.059429, 97.903932]}
16	33.1785	capture	{hotSpot:[1205.971309, 188.468604]}
17	35.2019	capture	{hotSpot:[1205.971309, 188.468604]}
18	39.2992	capture	{hotSpot:[1210.541703, 185.666575]}
19	41.7244	capture	{hotSpot:[1209.445151, 185.666575]}
20	46.0152	capture	{hotSpot:[737.55097, 155.336964]}
21	47.125	capture	{hotSpot:[844.464763, 362.24155]}
22	48.3181	capture	{hotSpot:[672.121956, 423.222105]}
23	49.1181	capture	{hotSpot:[917.689574, 403.659313]}
24	50.265	capture	{hotSpot:[1103.310937, 484.018429]}
25	52.2861	capture	{hotSpot:[670.952586, 416.045654]}
26	56.2942	capture	{hotSpot:[514.633998, 301.672302]}
27	64.4973	capture	{hotSpot:[479.373006, 154.865675]}
28	64.8174	capture	{hotSpot:[564.188712, 153.726011]}
29	65.1522	capture	{hotSpot:[624.636126, 155.246991]}
30	65.417	capture	{hotSpot:[720.905657, 193.772751]}
31	65.6797	capture	{hotSpot:[780.941864, 205.062273]}
32	66.2256	capture	{hotSpot:[839.149057, 233.960878]}
33	66.5598	capture	{hotSpot:[844.816002, 243.052478]}
34	66.8636	capture	{hotSpot:[793.689278, 305.905337]}
35	67.185	capture	{hotSpot:[787.64111, 321.33792]}
36	67.4893	capture	{hotSpot:[792.211503, 354.379587]}
37	67.809	capture	{hotSpot:[823.463227, 360.429228]}
38	68.0899	capture	{hotSpot:[899.536503, 380.476163]}
39	148.508	end	
