1	0.000681996	start	
2	0.417611	capture	{hotSpot:[235.976562, 154.46875]}
3	4.94767	capture	{hotSpot:[506.808594, 305.136719]}
4	7.36445	capture	{hotSpot:[588.976562, 281.484375]}
5	9.66928	capture	{hotSpot:[824.933594, 269.289062]}
6	13.0945	capture	{hotSpot:[790.558594, 420.203125]}
7	15.6212	capture	{hotSpot:[910.792969, 423.371094]}
8	18.1456	capture	{hotSpot:[1087.585938, 481.84375]}
9	19.7516	capture	{hotSpot:[671.644531, 419.816406]}
10	27.7982	capture	{hotSpot:[313.117188, 526.371094]}
11	30.2043	capture	{hotSpot:[234.296875, 151.191406]}
12	33.5453	capture	{hotSpot:[510.03125, 290.691406]}
13	35.8615	capture	{hotSpot:[586.253906, 285.789062]}
14	38.4978	capture	{hotSpot:[668.644531, 414.980469]}
15	40.2088	capture	{hotSpot:[550.28125, 419.703125]}
16	44.9105	capture	{hotSpot:[792.488281, 420.871094]}
17	48.0043	capture	{hotSpot:[913.238281, 424.21875]}
18	50.653	capture	{hotSpot:[1080.726562, 490.121094]}
19	57.3014	capture	{hotSpot:[914.101562, 426.703125]}
20	63.2354	capture	{hotSpot:[923.574219, 412.871094]}
21	67.2427	capture	{hotSpot:[806.628906, 260.953125]}
22	72.8218	capture	{hotSpot:[70.046875, 757.550781]}
23	74.1598	capture	{hotSpot:[117.714844, 762.023438]}
24	75.1407	capture	{hotSpot:[172.28125, 763.757812]}
25	75.668	capture	{hotSpot:[224.644531, 767.925781]}
26	76.0554	capture	{hotSpot:[274.90625, 765.882812]}
27	76.6389	capture	{hotSpot:[315.839844, 769.703125]}
28	77.2915	capture	{hotSpot:[378.519531, 765.273438]}
29	77.8602	capture	{hotSpot:[425.53125, 765.316406]}
30	78.6385	capture	{hotSpot:[471.894531, 761.148438]}
31	79.5241	capture	{hotSpot:[522.113281, 761.191406]}
32	80.3114	capture	{hotSpot:[571.601562, 761.535156]}
33	81.2097	capture	{hotSpot:[620.128906, 764.703125]}
34	82.2261	capture	{hotSpot:[679.171875, 761.578125]}
35	83.9638	capture	{hotSpot:[724.449219, 760.578125]}
36	101.632	capture	{hotSpot:[669.976562, 415.886719]}
37	111.451	capture	{hotSpot:[1134.222656, 13.234375]}
38	115.496	capture	{hotSpot:[1152.5, 9.121094]}
39	117.335	capture	{hotSpot:[1142.820312, 10.859375]}
40	118.213	capture	{hotSpot:[1108.792969, 16.023438]}
41	119.932	capture	{hotSpot:[1067.335938, 11.246094]}
42	123.117	capture	{hotSpot:[1041.628906, 16.066406]}
43	124.589	capture	{hotSpot:[1004.863281, 21.582031]}
44	132.984	capture	{hotSpot:[266.84375, 404.769531]}
45	134.814	capture	{hotSpot:[235.539062, 420.144531]}
46	136.14	capture	{hotSpot:[239.316406, 138.671875]}
47	151.793	capture	{hotSpot:[236.371094, 140.285156]}
48	156.399	capture	{hotSpot:[233.59375, 157.4375]}
49	170.97	capture	{hotSpot:[504.273438, 278.929688]}
50	183.465	capture	{hotSpot:[589.214844, 280.550781]}
51	186.025	capture	{hotSpot:[506.925781, 290.355469]}
52	191.336	capture	{hotSpot:[1081.785156, 490.300781]}
53	194.094	capture	{hotSpot:[916.410156, 416.8125]}
54	203.407	capture	{hotSpot:[919.3125, 419.328125]}
55	227.117	capture	{hotSpot:[501.265625, 303.777344]}
56	228.998	capture	{hotSpot:[485.765625, 365.375]}
57	230.723	capture	{hotSpot:[555.445312, 408.179688]}
58	232.449	capture	{hotSpot:[592.945312, 470.597656]}
59	233.463	capture	{hotSpot:[574.585938, 478.929688]}
60	235.569	capture	{hotSpot:[637.613281, 479.582031]}
61	241.866	capture	{hotSpot:[24.40625, 8.957031]}
62	244.72	capture	{hotSpot:[61.433594, 11]}
63	248.161	capture	{hotSpot:[93.253906, 75.375]}
64	254.51	capture	{hotSpot:[506.347656, 292.929688]}
65	933.868	end	
