1	0.00118005	start	
2	2.49997	capture	{hotSpot:[427.96875, 156.234375]}
3	3.74725	capture	{hotSpot:[574.039062, 156.359375]}
4	4.50651	capture	{hotSpot:[698.648438, 150.800781]}
5	5.28312	capture	{hotSpot:[867.386719, 160.746094]}
6	6.27363	capture	{hotSpot:[988.566406, 155.496094]}
7	6.80657	capture	{hotSpot:[998.941406, 250.984375]}
8	7.46588	capture	{hotSpot:[866.730469, 279.496094]}
9	7.8798	capture	{hotSpot:[717.066406, 261.136719]}
10	8.66223	capture	{hotSpot:[567.59375, 255.96875]}
11	9.43409	capture	{hotSpot:[438.664062, 282.050781]}
12	10.0956	capture	{hotSpot:[440.707031, 477.261719]}
13	10.9967	capture	{hotSpot:[580.898438, 457.855469]}
14	13.254	capture	{hotSpot:[153.152344, 79.675781]}
15	14.3857	capture	{hotSpot:[222.082031, 85.234375]}
16	15.2715	capture	{hotSpot:[304.332031, 87.316406]}
17	16.259	capture	{hotSpot:[278.023438, 49.59375]}
18	17.3852	capture	{hotSpot:[238.914062, 48.898438]}
19	18.2855	capture	{hotSpot:[205.746094, 52.984375]}
20	19.7534	capture	{hotSpot:[139.066406, 46.246094]}
21	20.2983	capture	{hotSpot:[160.386719, 46.246094]}
22	21.0619	capture	{hotSpot:[177.011719, 43.121094]}
23	22.4328	capture	{hotSpot:[128.136719, 126.289062]}
24	22.9583	capture	{hotSpot:[144.332031, 122.121094]}
25	23.503	capture	{hotSpot:[180.707031, 125.941406]}
26	25.1023	capture	{hotSpot:[995.789062, 9.011719]}
27	25.9998	capture	{hotSpot:[1024.914062, 16.300781]}
28	26.7811	capture	{hotSpot:[1073.632812, 13.261719]}
29	27.5658	capture	{hotSpot:[1097.828125, 12.21875]}
30	28.676	capture	{hotSpot:[1139.023438, 77.066406]}
31	29.4328	capture	{hotSpot:[1142.757812, 162.011719]}
32	30.1809	capture	{hotSpot:[1153.871094, 257.800781]}
33	34.3658	capture	{hotSpot:[61.929688, 758.730469]}
34	34.8906	capture	{hotSpot:[120.441406, 768.757812]}
35	35.5454	capture	{hotSpot:[203.441406, 765.507812]}
36	36.1908	capture	{hotSpot:[169.886719, 758.300781]}
37	38.1136	end	
