1	0.000486016	start	
2	1.9561	capture	{hotSpot:[159.234375, 13.71875]}
3	3.196	capture	{hotSpot:[433.109375, 114.652344]}
4	3.65094	capture	{hotSpot:[457.082031, 111.609375]}
5	4.10037	capture	{hotSpot:[478.875, 111.609375]}
6	4.89064	capture	{hotSpot:[825.527344, 136.871094]}
7	5.56851	capture	{hotSpot:[806.777344, 187.789062]}
8	6.42229	capture	{hotSpot:[794.914062, 246.082031]}
9	7.67126	capture	{hotSpot:[795.566406, 484.300781]}
10	8.25296	capture	{hotSpot:[914.457031, 430.832031]}
11	8.93169	capture	{hotSpot:[1079.84375, 489.261719]}
12	9.84003	capture	{hotSpot:[455.332031, 482.773438]}
13	10.297	capture	{hotSpot:[447, 442.234375]}
14	10.87	capture	{hotSpot:[449.429688, 409.71875]}
15	12.3323	capture	{hotSpot:[1072.804688, 72.164062]}
16	13.007	capture	{hotSpot:[1008.816406, 13.652344]}
17	13.4679	capture	{hotSpot:[1029.441406, 16.816406]}
18	14.1424	capture	{hotSpot:[1072.109375, 14.039062]}
19	14.4811	capture	{hotSpot:[1105.234375, 16.125]}
20	14.9317	capture	{hotSpot:[1139.957031, 15.429688]}
21	17.833	capture	{hotSpot:[295.664062, 539.066406]}
22	20.2153	capture	{hotSpot:[52.179688, 771.746094]}
23	21.0017	capture	{hotSpot:[88.042969, 767.273438]}
24	21.6772	capture	{hotSpot:[136.222656, 761.71875]}
25	22.1431	capture	{hotSpot:[172.292969, 762.761719]}
26	22.6077	capture	{hotSpot:[221.25, 766.886719]}
27	23.0577	capture	{hotSpot:[250.027344, 767.925781]}
28	23.5188	capture	{hotSpot:[304.027344, 770.011719]}
29	23.9654	capture	{hotSpot:[333.804688, 769.011719]}
30	24.4305	capture	{hotSpot:[385.945312, 770.050781]}
31	25.0012	capture	{hotSpot:[417.722656, 767.96875]}
32	26.4853	capture	{hotSpot:[477.832031, 761.066406]}
33	26.933	capture	{hotSpot:[498.316406, 768.273438]}
34	27.2753	capture	{hotSpot:[565.859375, 773.441406]}
35	27.7455	capture	{hotSpot:[582.09375, 772.746094]}
36	28.6344	capture	{hotSpot:[606.582031, 774.484375]}
37	29.6916	end	
